2023-01-22 18:08:16.555 [HikariPool-1 housekeeper] WARN 
                com.zaxxer.hikari.pool.HikariPool - HikariPool-1 - Thread starvation or clock leap detected (housekeeper delta=1m38s763ms137µs100ns).
2023-01-22 18:08:16.681 [http-nio-8001-exec-1] WARN 
                o.s.w.s.m.m.a.ExceptionHandlerExceptionResolver - Failure in @ExceptionHandler com.example.exception.globalaException#error(Exception)
org.apache.catalina.connector.ClientAbortException: java.io.IOException: 你的主机中的软件中止了一个已建立的连接。
	at org.apache.catalina.connector.OutputBuffer.doFlush(OutputBuffer.java:309)
	at org.apache.catalina.connector.OutputBuffer.flush(OutputBuffer.java:272)
	at org.apache.catalina.connector.CoyoteOutputStream.flush(CoyoteOutputStream.java:118)
	at com.fasterxml.jackson.core.json.UTF8JsonGenerator.flush(UTF8JsonGenerator.java:1153)
	at com.fasterxml.jackson.databind.ObjectWriter.writeValue(ObjectWriter.java:923)
	at org.springframework.http.converter.json.AbstractJackson2HttpMessageConverter.writeInternal(AbstractJackson2HttpMessageConverter.java:287)
	at org.springframework.http.converter.AbstractGenericHttpMessageConverter.write(AbstractGenericHttpMessageConverter.java:104)
	at org.springframework.web.servlet.mvc.method.annotation.AbstractMessageConverterMethodProcessor.writeWithMessageConverters(AbstractMessageConverterMethodProcessor.java:295)
	at org.springframework.web.servlet.mvc.method.annotation.RequestResponseBodyMethodProcessor.handleReturnValue(RequestResponseBodyMethodProcessor.java:181)
	at org.springframework.web.method.support.HandlerMethodReturnValueHandlerComposite.handleReturnValue(HandlerMethodReturnValueHandlerComposite.java:82)
	at org.springframework.web.servlet.mvc.method.annotation.ServletInvocableHandlerMethod.invokeAndHandle(ServletInvocableHandlerMethod.java:124)
	at org.springframework.web.servlet.mvc.method.annotation.ExceptionHandlerExceptionResolver.doResolveHandlerMethodException(ExceptionHandlerExceptionResolver.java:403)
	at org.springframework.web.servlet.handler.AbstractHandlerMethodExceptionResolver.doResolveException(AbstractHandlerMethodExceptionResolver.java:61)
	at org.springframework.web.servlet.handler.AbstractHandlerExceptionResolver.resolveException(AbstractHandlerExceptionResolver.java:141)
	at org.springframework.web.servlet.handler.HandlerExceptionResolverComposite.resolveException(HandlerExceptionResolverComposite.java:80)
	at org.springframework.web.servlet.DispatcherServlet.processHandlerException(DispatcherServlet.java:1300)
	at org.springframework.web.servlet.DispatcherServlet.processDispatchResult(DispatcherServlet.java:1111)
	at org.springframework.web.servlet.DispatcherServlet.doDispatch(DispatcherServlet.java:1057)
	at org.springframework.web.servlet.DispatcherServlet.doService(DispatcherServlet.java:943)
	at org.springframework.web.servlet.FrameworkServlet.processRequest(FrameworkServlet.java:1006)
	at org.springframework.web.servlet.FrameworkServlet.doGet(FrameworkServlet.java:898)
	at javax.servlet.http.HttpServlet.service(HttpServlet.java:634)
	at org.springframework.web.servlet.FrameworkServlet.service(FrameworkServlet.java:883)
	at javax.servlet.http.HttpServlet.service(HttpServlet.java:741)
	at org.apache.catalina.core.ApplicationFilterChain.internalDoFilter(ApplicationFilterChain.java:231)
	at org.apache.catalina.core.ApplicationFilterChain.doFilter(ApplicationFilterChain.java:166)
	at org.apache.tomcat.websocket.server.WsFilter.doFilter(WsFilter.java:53)
	at org.apache.catalina.core.ApplicationFilterChain.internalDoFilter(ApplicationFilterChain.java:193)
	at org.apache.catalina.core.ApplicationFilterChain.doFilter(ApplicationFilterChain.java:166)
	at org.springframework.web.filter.RequestContextFilter.doFilterInternal(RequestContextFilter.java:100)
	at org.springframework.web.filter.OncePerRequestFilter.doFilter(OncePerRequestFilter.java:119)
	at org.apache.catalina.core.ApplicationFilterChain.internalDoFilter(ApplicationFilterChain.java:193)
	at org.apache.catalina.core.ApplicationFilterChain.doFilter(ApplicationFilterChain.java:166)
	at org.springframework.web.filter.FormContentFilter.doFilterInternal(FormContentFilter.java:93)
	at org.springframework.web.filter.OncePerRequestFilter.doFilter(OncePerRequestFilter.java:119)
	at org.apache.catalina.core.ApplicationFilterChain.internalDoFilter(ApplicationFilterChain.java:193)
	at org.apache.catalina.core.ApplicationFilterChain.doFilter(ApplicationFilterChain.java:166)
	at org.springframework.web.filter.CharacterEncodingFilter.doFilterInternal(CharacterEncodingFilter.java:201)
	at org.springframework.web.filter.OncePerRequestFilter.doFilter(OncePerRequestFilter.java:119)
	at org.apache.catalina.core.ApplicationFilterChain.internalDoFilter(ApplicationFilterChain.java:193)
	at org.apache.catalina.core.ApplicationFilterChain.doFilter(ApplicationFilterChain.java:166)
	at org.apache.catalina.core.StandardWrapperValve.invoke(StandardWrapperValve.java:202)
	at org.apache.catalina.core.StandardContextValve.invoke(StandardContextValve.java:96)
	at org.apache.catalina.authenticator.AuthenticatorBase.invoke(AuthenticatorBase.java:526)
	at org.apache.catalina.core.StandardHostValve.invoke(StandardHostValve.java:139)
	at org.apache.catalina.valves.ErrorReportValve.invoke(ErrorReportValve.java:92)
	at org.apache.catalina.core.StandardEngineValve.invoke(StandardEngineValve.java:74)
	at org.apache.catalina.connector.CoyoteAdapter.service(CoyoteAdapter.java:343)
	at org.apache.coyote.http11.Http11Processor.service(Http11Processor.java:408)
	at org.apache.coyote.AbstractProcessorLight.process(AbstractProcessorLight.java:66)
	at org.apache.coyote.AbstractProtocol$ConnectionHandler.process(AbstractProtocol.java:861)
	at org.apache.tomcat.util.net.NioEndpoint$SocketProcessor.doRun(NioEndpoint.java:1579)
	at org.apache.tomcat.util.net.SocketProcessorBase.run(SocketProcessorBase.java:49)
	at java.util.concurrent.ThreadPoolExecutor.runWorker(ThreadPoolExecutor.java:1149)
	at java.util.concurrent.ThreadPoolExecutor$Worker.run(ThreadPoolExecutor.java:624)
	at org.apache.tomcat.util.threads.TaskThread$WrappingRunnable.run(TaskThread.java:61)
	at java.lang.Thread.run(Thread.java:750)
Caused by: java.io.IOException: 你的主机中的软件中止了一个已建立的连接。
	at sun.nio.ch.SocketDispatcher.write0(Native Method)
	at sun.nio.ch.SocketDispatcher.write(SocketDispatcher.java:51)
	at sun.nio.ch.IOUtil.writeFromNativeBuffer(IOUtil.java:93)
	at sun.nio.ch.IOUtil.write(IOUtil.java:65)
	at sun.nio.ch.SocketChannelImpl.write(SocketChannelImpl.java:470)
	at org.apache.tomcat.util.net.NioChannel.write(NioChannel.java:138)
	at org.apache.tomcat.util.net.NioBlockingSelector.write(NioBlockingSelector.java:101)
	at org.apache.tomcat.util.net.NioSelectorPool.write(NioSelectorPool.java:152)
	at org.apache.tomcat.util.net.NioEndpoint$NioSocketWrapper.doWrite(NioEndpoint.java:1251)
	at org.apache.tomcat.util.net.SocketWrapperBase.doWrite(SocketWrapperBase.java:801)
	at org.apache.tomcat.util.net.SocketWrapperBase.flushBlocking(SocketWrapperBase.java:754)
	at org.apache.tomcat.util.net.SocketWrapperBase.flush(SocketWrapperBase.java:744)
	at org.apache.coyote.http11.Http11OutputBuffer$SocketOutputBuffer.flush(Http11OutputBuffer.java:564)
	at org.apache.coyote.http11.filters.IdentityOutputFilter.flush(IdentityOutputFilter.java:117)
	at org.apache.coyote.http11.Http11OutputBuffer.flush(Http11OutputBuffer.java:217)
	at org.apache.coyote.http11.Http11Processor.flush(Http11Processor.java:1156)
	at org.apache.coyote.AbstractProcessor.action(AbstractProcessor.java:395)
	at org.apache.coyote.Response.action(Response.java:209)
	at org.apache.catalina.connector.OutputBuffer.doFlush(OutputBuffer.java:305)
	... 56 common frames omitted
2023-01-25 05:01:16.102 [HikariPool-1 housekeeper] WARN 
                com.zaxxer.hikari.pool.HikariPool - HikariPool-1 - Thread starvation or clock leap detected (housekeeper delta=4m55s391ms465µs900ns).
2023-01-25 05:01:16.118 [http-nio-8001-exec-8] WARN 
                o.s.w.s.m.m.a.ExceptionHandlerExceptionResolver - Failure in @ExceptionHandler com.example.exception.globalaException#error(Exception)
org.apache.catalina.connector.ClientAbortException: java.io.IOException: 你的主机中的软件中止了一个已建立的连接。
	at org.apache.catalina.connector.OutputBuffer.doFlush(OutputBuffer.java:309)
	at org.apache.catalina.connector.OutputBuffer.flush(OutputBuffer.java:272)
	at org.apache.catalina.connector.CoyoteOutputStream.flush(CoyoteOutputStream.java:118)
	at com.fasterxml.jackson.core.json.UTF8JsonGenerator.flush(UTF8JsonGenerator.java:1153)
	at com.fasterxml.jackson.databind.ObjectWriter.writeValue(ObjectWriter.java:923)
	at org.springframework.http.converter.json.AbstractJackson2HttpMessageConverter.writeInternal(AbstractJackson2HttpMessageConverter.java:287)
	at org.springframework.http.converter.AbstractGenericHttpMessageConverter.write(AbstractGenericHttpMessageConverter.java:104)
	at org.springframework.web.servlet.mvc.method.annotation.AbstractMessageConverterMethodProcessor.writeWithMessageConverters(AbstractMessageConverterMethodProcessor.java:295)
	at org.springframework.web.servlet.mvc.method.annotation.RequestResponseBodyMethodProcessor.handleReturnValue(RequestResponseBodyMethodProcessor.java:181)
	at org.springframework.web.method.support.HandlerMethodReturnValueHandlerComposite.handleReturnValue(HandlerMethodReturnValueHandlerComposite.java:82)
	at org.springframework.web.servlet.mvc.method.annotation.ServletInvocableHandlerMethod.invokeAndHandle(ServletInvocableHandlerMethod.java:124)
	at org.springframework.web.servlet.mvc.method.annotation.ExceptionHandlerExceptionResolver.doResolveHandlerMethodException(ExceptionHandlerExceptionResolver.java:403)
	at org.springframework.web.servlet.handler.AbstractHandlerMethodExceptionResolver.doResolveException(AbstractHandlerMethodExceptionResolver.java:61)
	at org.springframework.web.servlet.handler.AbstractHandlerExceptionResolver.resolveException(AbstractHandlerExceptionResolver.java:141)
	at org.springframework.web.servlet.handler.HandlerExceptionResolverComposite.resolveException(HandlerExceptionResolverComposite.java:80)
	at org.springframework.web.servlet.DispatcherServlet.processHandlerException(DispatcherServlet.java:1300)
	at org.springframework.web.servlet.DispatcherServlet.processDispatchResult(DispatcherServlet.java:1111)
	at org.springframework.web.servlet.DispatcherServlet.doDispatch(DispatcherServlet.java:1057)
	at org.springframework.web.servlet.DispatcherServlet.doService(DispatcherServlet.java:943)
	at org.springframework.web.servlet.FrameworkServlet.processRequest(FrameworkServlet.java:1006)
	at org.springframework.web.servlet.FrameworkServlet.doGet(FrameworkServlet.java:898)
	at javax.servlet.http.HttpServlet.service(HttpServlet.java:634)
	at org.springframework.web.servlet.FrameworkServlet.service(FrameworkServlet.java:883)
	at javax.servlet.http.HttpServlet.service(HttpServlet.java:741)
	at org.apache.catalina.core.ApplicationFilterChain.internalDoFilter(ApplicationFilterChain.java:231)
	at org.apache.catalina.core.ApplicationFilterChain.doFilter(ApplicationFilterChain.java:166)
	at org.apache.tomcat.websocket.server.WsFilter.doFilter(WsFilter.java:53)
	at org.apache.catalina.core.ApplicationFilterChain.internalDoFilter(ApplicationFilterChain.java:193)
	at org.apache.catalina.core.ApplicationFilterChain.doFilter(ApplicationFilterChain.java:166)
	at org.springframework.web.filter.RequestContextFilter.doFilterInternal(RequestContextFilter.java:100)
	at org.springframework.web.filter.OncePerRequestFilter.doFilter(OncePerRequestFilter.java:119)
	at org.apache.catalina.core.ApplicationFilterChain.internalDoFilter(ApplicationFilterChain.java:193)
	at org.apache.catalina.core.ApplicationFilterChain.doFilter(ApplicationFilterChain.java:166)
	at org.springframework.web.filter.FormContentFilter.doFilterInternal(FormContentFilter.java:93)
	at org.springframework.web.filter.OncePerRequestFilter.doFilter(OncePerRequestFilter.java:119)
	at org.apache.catalina.core.ApplicationFilterChain.internalDoFilter(ApplicationFilterChain.java:193)
	at org.apache.catalina.core.ApplicationFilterChain.doFilter(ApplicationFilterChain.java:166)
	at org.springframework.web.filter.CharacterEncodingFilter.doFilterInternal(CharacterEncodingFilter.java:201)
	at org.springframework.web.filter.OncePerRequestFilter.doFilter(OncePerRequestFilter.java:119)
	at org.apache.catalina.core.ApplicationFilterChain.internalDoFilter(ApplicationFilterChain.java:193)
	at org.apache.catalina.core.ApplicationFilterChain.doFilter(ApplicationFilterChain.java:166)
	at org.apache.catalina.core.StandardWrapperValve.invoke(StandardWrapperValve.java:202)
	at org.apache.catalina.core.StandardContextValve.invoke(StandardContextValve.java:96)
	at org.apache.catalina.authenticator.AuthenticatorBase.invoke(AuthenticatorBase.java:526)
	at org.apache.catalina.core.StandardHostValve.invoke(StandardHostValve.java:139)
	at org.apache.catalina.valves.ErrorReportValve.invoke(ErrorReportValve.java:92)
	at org.apache.catalina.core.StandardEngineValve.invoke(StandardEngineValve.java:74)
	at org.apache.catalina.connector.CoyoteAdapter.service(CoyoteAdapter.java:343)
	at org.apache.coyote.http11.Http11Processor.service(Http11Processor.java:408)
	at org.apache.coyote.AbstractProcessorLight.process(AbstractProcessorLight.java:66)
	at org.apache.coyote.AbstractProtocol$ConnectionHandler.process(AbstractProtocol.java:861)
	at org.apache.tomcat.util.net.NioEndpoint$SocketProcessor.doRun(NioEndpoint.java:1579)
	at org.apache.tomcat.util.net.SocketProcessorBase.run(SocketProcessorBase.java:49)
	at java.util.concurrent.ThreadPoolExecutor.runWorker(ThreadPoolExecutor.java:1149)
	at java.util.concurrent.ThreadPoolExecutor$Worker.run(ThreadPoolExecutor.java:624)
	at org.apache.tomcat.util.threads.TaskThread$WrappingRunnable.run(TaskThread.java:61)
	at java.lang.Thread.run(Thread.java:750)
Caused by: java.io.IOException: 你的主机中的软件中止了一个已建立的连接。
	at sun.nio.ch.SocketDispatcher.write0(Native Method)
	at sun.nio.ch.SocketDispatcher.write(SocketDispatcher.java:51)
	at sun.nio.ch.IOUtil.writeFromNativeBuffer(IOUtil.java:93)
	at sun.nio.ch.IOUtil.write(IOUtil.java:65)
	at sun.nio.ch.SocketChannelImpl.write(SocketChannelImpl.java:470)
	at org.apache.tomcat.util.net.NioChannel.write(NioChannel.java:138)
	at org.apache.tomcat.util.net.NioBlockingSelector.write(NioBlockingSelector.java:101)
	at org.apache.tomcat.util.net.NioSelectorPool.write(NioSelectorPool.java:152)
	at org.apache.tomcat.util.net.NioEndpoint$NioSocketWrapper.doWrite(NioEndpoint.java:1251)
	at org.apache.tomcat.util.net.SocketWrapperBase.doWrite(SocketWrapperBase.java:801)
	at org.apache.tomcat.util.net.SocketWrapperBase.flushBlocking(SocketWrapperBase.java:754)
	at org.apache.tomcat.util.net.SocketWrapperBase.flush(SocketWrapperBase.java:744)
	at org.apache.coyote.http11.Http11OutputBuffer$SocketOutputBuffer.flush(Http11OutputBuffer.java:564)
	at org.apache.coyote.http11.filters.IdentityOutputFilter.flush(IdentityOutputFilter.java:117)
	at org.apache.coyote.http11.Http11OutputBuffer.flush(Http11OutputBuffer.java:217)
	at org.apache.coyote.http11.Http11Processor.flush(Http11Processor.java:1156)
	at org.apache.coyote.AbstractProcessor.action(AbstractProcessor.java:395)
	at org.apache.coyote.Response.action(Response.java:209)
	at org.apache.catalina.connector.OutputBuffer.doFlush(OutputBuffer.java:305)
	... 56 common frames omitted
2023-01-26 14:39:12.148 [main] WARN 
                com.netflix.config.sources.URLConfigurationSource - No URLs will be polled as dynamic configuration sources.
2023-01-26 14:39:12.157 [main] WARN 
                com.netflix.config.sources.URLConfigurationSource - No URLs will be polled as dynamic configuration sources.
2023-01-26 14:56:16.484 [main] WARN 
                com.netflix.config.sources.URLConfigurationSource - No URLs will be polled as dynamic configuration sources.
2023-01-26 14:56:16.489 [main] WARN 
                com.netflix.config.sources.URLConfigurationSource - No URLs will be polled as dynamic configuration sources.
2023-01-26 15:26:33.449 [main] WARN 
                o.s.b.w.s.c.AnnotationConfigServletWebServerApplicationContext - Exception encountered during context initialization - cancelling refresh attempt: org.springframework.beans.factory.UnsatisfiedDependencyException: Error creating bean with name 'chapterController': Unsatisfied dependency expressed through field 'chapterService'; nested exception is org.springframework.beans.factory.UnsatisfiedDependencyException: Error creating bean with name 'chapterServiceImpl': Unsatisfied dependency expressed through field 'videoService'; nested exception is org.springframework.beans.factory.UnsatisfiedDependencyException: Error creating bean with name 'videoServiceImpl': Unsatisfied dependency expressed through field 'vodClient'; nested exception is org.springframework.beans.factory.BeanCreationException: Error creating bean with name 'com.example.demo.edu.Client.VodClient': FactoryBean threw exception on object creation; nested exception is java.lang.IllegalStateException: Could not resolve element type of Iterable type @org.springframework.web.bind.annotation.RequestParam java.util.List<?>. Not declared?
2023-01-26 15:29:12.711 [main] WARN 
                com.netflix.config.sources.URLConfigurationSource - No URLs will be polled as dynamic configuration sources.
2023-01-26 15:29:12.716 [main] WARN 
                com.netflix.config.sources.URLConfigurationSource - No URLs will be polled as dynamic configuration sources.
2023-01-26 17:02:28.221 [main] WARN 
                com.netflix.config.sources.URLConfigurationSource - No URLs will be polled as dynamic configuration sources.
2023-01-26 17:02:28.226 [main] WARN 
                com.netflix.config.sources.URLConfigurationSource - No URLs will be polled as dynamic configuration sources.
2023-01-26 17:03:55.116 [main] WARN 
                com.netflix.config.sources.URLConfigurationSource - No URLs will be polled as dynamic configuration sources.
2023-01-26 17:03:55.125 [main] WARN 
                com.netflix.config.sources.URLConfigurationSource - No URLs will be polled as dynamic configuration sources.
2023-01-27 14:24:44.900 [main] WARN 
                com.netflix.config.sources.URLConfigurationSource - No URLs will be polled as dynamic configuration sources.
2023-01-27 14:24:44.907 [main] WARN 
                com.netflix.config.sources.URLConfigurationSource - No URLs will be polled as dynamic configuration sources.
2023-01-27 16:33:07.628 [main] WARN 
                com.netflix.config.sources.URLConfigurationSource - No URLs will be polled as dynamic configuration sources.
2023-01-27 16:33:07.633 [main] WARN 
                com.netflix.config.sources.URLConfigurationSource - No URLs will be polled as dynamic configuration sources.
2023-01-27 16:53:31.383 [main] WARN 
                com.netflix.config.sources.URLConfigurationSource - No URLs will be polled as dynamic configuration sources.
2023-01-27 16:53:31.391 [main] WARN 
                com.netflix.config.sources.URLConfigurationSource - No URLs will be polled as dynamic configuration sources.
2023-01-27 22:51:49.285 [main] WARN 
                com.netflix.config.sources.URLConfigurationSource - No URLs will be polled as dynamic configuration sources.
2023-01-27 22:51:49.289 [main] WARN 
                com.netflix.config.sources.URLConfigurationSource - No URLs will be polled as dynamic configuration sources.
2023-01-29 21:24:37.714 [main] WARN 
                o.s.b.w.s.c.AnnotationConfigServletWebServerApplicationContext - Exception encountered during context initialization - cancelling refresh attempt: org.springframework.beans.factory.BeanCreationException: Error creating bean with name 'constantPropertiesUtil': Injection of autowired dependencies failed; nested exception is java.lang.IllegalArgumentException: Could not resolve placeholder 'wx.open.app_id' in value "${wx.open.app_id}"
2023-01-29 21:25:33.496 [main] WARN 
                o.s.b.w.s.c.AnnotationConfigServletWebServerApplicationContext - Exception encountered during context initialization - cancelling refresh attempt: org.springframework.beans.factory.BeanCreationException: Error creating bean with name 'constantPropertiesUtil': Injection of autowired dependencies failed; nested exception is java.lang.IllegalArgumentException: Could not resolve placeholder 'wx.open.app_id' in value "${wx.open.app_id}"
2023-01-29 21:27:07.203 [main] WARN 
                com.netflix.config.sources.URLConfigurationSource - No URLs will be polled as dynamic configuration sources.
2023-01-29 21:27:07.208 [main] WARN 
                com.netflix.config.sources.URLConfigurationSource - No URLs will be polled as dynamic configuration sources.
2023-01-30 15:30:29.636 [main] WARN 
                com.netflix.config.sources.URLConfigurationSource - No URLs will be polled as dynamic configuration sources.
2023-01-30 15:30:29.650 [main] WARN 
                com.netflix.config.sources.URLConfigurationSource - No URLs will be polled as dynamic configuration sources.
2023-01-30 15:50:04.391 [main] WARN 
                com.netflix.config.sources.URLConfigurationSource - No URLs will be polled as dynamic configuration sources.
2023-01-30 15:50:04.395 [main] WARN 
                com.netflix.config.sources.URLConfigurationSource - No URLs will be polled as dynamic configuration sources.
2023-01-30 15:51:45.157 [main] WARN 
                com.netflix.config.sources.URLConfigurationSource - No URLs will be polled as dynamic configuration sources.
2023-01-30 15:51:45.165 [main] WARN 
                com.netflix.config.sources.URLConfigurationSource - No URLs will be polled as dynamic configuration sources.
2023-01-30 16:11:22.540 [main] WARN 
                com.netflix.config.sources.URLConfigurationSource - No URLs will be polled as dynamic configuration sources.
2023-01-30 16:11:22.544 [main] WARN 
                com.netflix.config.sources.URLConfigurationSource - No URLs will be polled as dynamic configuration sources.
2023-01-30 16:20:36.872 [main] WARN 
                com.netflix.config.sources.URLConfigurationSource - No URLs will be polled as dynamic configuration sources.
2023-01-30 16:20:36.875 [main] WARN 
                com.netflix.config.sources.URLConfigurationSource - No URLs will be polled as dynamic configuration sources.
2023-01-30 17:20:42.040 [main] WARN 
                com.netflix.config.sources.URLConfigurationSource - No URLs will be polled as dynamic configuration sources.
2023-01-30 17:20:42.044 [main] WARN 
                com.netflix.config.sources.URLConfigurationSource - No URLs will be polled as dynamic configuration sources.
2023-01-30 17:44:24.079 [main] WARN 
                com.netflix.config.sources.URLConfigurationSource - No URLs will be polled as dynamic configuration sources.
2023-01-30 17:44:24.086 [main] WARN 
                com.netflix.config.sources.URLConfigurationSource - No URLs will be polled as dynamic configuration sources.
2023-01-30 22:04:08.168 [main] WARN 
                o.s.b.w.s.c.AnnotationConfigServletWebServerApplicationContext - Exception encountered during context initialization - cancelling refresh attempt: org.springframework.beans.factory.UnsatisfiedDependencyException: Error creating bean with name 'chapterController': Unsatisfied dependency expressed through field 'chapterService'; nested exception is org.springframework.beans.factory.UnsatisfiedDependencyException: Error creating bean with name 'chapterServiceImpl': Unsatisfied dependency expressed through field 'baseMapper'; nested exception is org.springframework.beans.factory.UnsatisfiedDependencyException: Error creating bean with name 'chapterMapper' defined in file [E:\workplace\EduProject\service\service_edu\target\classes\com\example\demo\edu\mapper\ChapterMapper.class]: Unsatisfied dependency expressed through bean property 'sqlSessionFactory'; nested exception is org.springframework.beans.factory.BeanCreationException: Error creating bean with name 'sqlSessionFactory' defined in class path resource [com/baomidou/mybatisplus/autoconfigure/MybatisPlusAutoConfiguration.class]: Bean instantiation via factory method failed; nested exception is org.springframework.beans.BeanInstantiationException: Failed to instantiate [org.apache.ibatis.session.SqlSessionFactory]: Factory method 'sqlSessionFactory' threw exception; nested exception is org.springframework.core.NestedIOException: Failed to parse mapping resource: 'file [E:\workplace\EduProject\service\service_edu\target\classes\com\example\demo\edu\mapper\xml\CourseMapper.xml]'; nested exception is org.apache.ibatis.builder.BuilderException: Error creating document instance.  Cause: org.xml.sax.SAXParseException; lineNumber: 48; columnNumber: 7; 元素类型 "mapper" 必须由匹配的结束标记 "</mapper>" 终止。
2023-01-30 22:24:38.968 [main] WARN 
                com.netflix.config.sources.URLConfigurationSource - No URLs will be polled as dynamic configuration sources.
2023-01-30 22:24:38.976 [main] WARN 
                com.netflix.config.sources.URLConfigurationSource - No URLs will be polled as dynamic configuration sources.
2023-01-30 23:32:17.876 [main] WARN 
                com.netflix.config.sources.URLConfigurationSource - No URLs will be polled as dynamic configuration sources.
2023-01-30 23:32:17.881 [main] WARN 
                com.netflix.config.sources.URLConfigurationSource - No URLs will be polled as dynamic configuration sources.
2023-01-31 18:30:50.534 [main] WARN 
                com.netflix.config.sources.URLConfigurationSource - No URLs will be polled as dynamic configuration sources.
2023-01-31 18:30:50.541 [main] WARN 
                com.netflix.config.sources.URLConfigurationSource - No URLs will be polled as dynamic configuration sources.
2023-01-31 22:06:41.502 [main] WARN 
                com.netflix.config.sources.URLConfigurationSource - No URLs will be polled as dynamic configuration sources.
2023-01-31 22:06:41.507 [main] WARN 
                com.netflix.config.sources.URLConfigurationSource - No URLs will be polled as dynamic configuration sources.
2023-02-01 19:26:32.425 [main] WARN 
                com.netflix.config.sources.URLConfigurationSource - No URLs will be polled as dynamic configuration sources.
2023-02-01 19:26:32.431 [main] WARN 
                com.netflix.config.sources.URLConfigurationSource - No URLs will be polled as dynamic configuration sources.
2023-02-01 19:41:00.669 [main] WARN 
                com.netflix.config.sources.URLConfigurationSource - No URLs will be polled as dynamic configuration sources.
2023-02-01 19:41:00.673 [main] WARN 
                com.netflix.config.sources.URLConfigurationSource - No URLs will be polled as dynamic configuration sources.
2023-02-02 15:05:51.705 [main] WARN 
                com.netflix.config.sources.URLConfigurationSource - No URLs will be polled as dynamic configuration sources.
2023-02-02 15:05:51.720 [main] WARN 
                com.netflix.config.sources.URLConfigurationSource - No URLs will be polled as dynamic configuration sources.
2023-02-02 18:00:09.704 [main] WARN 
                com.netflix.config.sources.URLConfigurationSource - No URLs will be polled as dynamic configuration sources.
2023-02-02 18:00:09.708 [main] WARN 
                com.netflix.config.sources.URLConfigurationSource - No URLs will be polled as dynamic configuration sources.
2023-02-03 19:23:39.009 [main] WARN 
                com.netflix.config.sources.URLConfigurationSource - No URLs will be polled as dynamic configuration sources.
2023-02-03 19:23:39.017 [main] WARN 
                com.netflix.config.sources.URLConfigurationSource - No URLs will be polled as dynamic configuration sources.
2023-02-04 15:55:45.383 [main] WARN 
                com.netflix.config.sources.URLConfigurationSource - No URLs will be polled as dynamic configuration sources.
2023-02-04 15:55:45.389 [main] WARN 
                com.netflix.config.sources.URLConfigurationSource - No URLs will be polled as dynamic configuration sources.
2023-02-08 15:11:11.697 [main] WARN 
                com.netflix.config.sources.URLConfigurationSource - No URLs will be polled as dynamic configuration sources.
2023-02-08 15:11:11.703 [main] WARN 
                com.netflix.config.sources.URLConfigurationSource - No URLs will be polled as dynamic configuration sources.
2023-02-08 15:25:44.364 [main] WARN 
                com.netflix.config.sources.URLConfigurationSource - No URLs will be polled as dynamic configuration sources.
2023-02-08 15:25:44.370 [main] WARN 
                com.netflix.config.sources.URLConfigurationSource - No URLs will be polled as dynamic configuration sources.
2023-02-08 22:33:32.834 [main] WARN 
                com.netflix.config.sources.URLConfigurationSource - No URLs will be polled as dynamic configuration sources.
2023-02-08 22:33:32.839 [main] WARN 
                com.netflix.config.sources.URLConfigurationSource - No URLs will be polled as dynamic configuration sources.
2023-02-08 22:43:24.514 [main] WARN 
                com.netflix.config.sources.URLConfigurationSource - No URLs will be polled as dynamic configuration sources.
2023-02-08 22:43:24.523 [main] WARN 
                com.netflix.config.sources.URLConfigurationSource - No URLs will be polled as dynamic configuration sources.
2023-02-09 20:55:39.244 [main] WARN 
                com.netflix.config.sources.URLConfigurationSource - No URLs will be polled as dynamic configuration sources.
2023-02-09 20:55:39.250 [main] WARN 
                com.netflix.config.sources.URLConfigurationSource - No URLs will be polled as dynamic configuration sources.
2023-02-09 21:07:38.472 [main] WARN 
                com.netflix.config.sources.URLConfigurationSource - No URLs will be polled as dynamic configuration sources.
2023-02-09 21:07:38.475 [main] WARN 
                com.netflix.config.sources.URLConfigurationSource - No URLs will be polled as dynamic configuration sources.
2023-02-09 21:16:11.966 [main] WARN 
                com.netflix.config.sources.URLConfigurationSource - No URLs will be polled as dynamic configuration sources.
2023-02-09 21:16:11.970 [main] WARN 
                com.netflix.config.sources.URLConfigurationSource - No URLs will be polled as dynamic configuration sources.
2023-02-10 14:35:00.509 [main] WARN 
                com.netflix.config.sources.URLConfigurationSource - No URLs will be polled as dynamic configuration sources.
2023-02-10 14:35:00.526 [main] WARN 
                com.netflix.config.sources.URLConfigurationSource - No URLs will be polled as dynamic configuration sources.
2023-02-10 14:51:53.262 [main] WARN 
                com.netflix.config.sources.URLConfigurationSource - No URLs will be polled as dynamic configuration sources.
2023-02-10 14:51:53.266 [main] WARN 
                com.netflix.config.sources.URLConfigurationSource - No URLs will be polled as dynamic configuration sources.
2023-02-10 14:55:37.906 [main] WARN 
                com.netflix.config.sources.URLConfigurationSource - No URLs will be polled as dynamic configuration sources.
2023-02-10 14:55:37.910 [main] WARN 
                com.netflix.config.sources.URLConfigurationSource - No URLs will be polled as dynamic configuration sources.
2023-02-10 14:58:46.864 [main] WARN 
                com.netflix.config.sources.URLConfigurationSource - No URLs will be polled as dynamic configuration sources.
2023-02-10 14:58:46.869 [main] WARN 
                com.netflix.config.sources.URLConfigurationSource - No URLs will be polled as dynamic configuration sources.
2023-02-10 14:59:54.827 [main] WARN 
                com.netflix.config.sources.URLConfigurationSource - No URLs will be polled as dynamic configuration sources.
2023-02-10 14:59:54.995 [main] WARN 
                com.netflix.config.sources.URLConfigurationSource - No URLs will be polled as dynamic configuration sources.
2023-02-10 15:09:09.298 [main] WARN 
                o.s.b.w.s.c.AnnotationConfigServletWebServerApplicationContext - Exception encountered during context initialization - cancelling refresh attempt: org.springframework.beans.factory.support.BeanDefinitionOverrideException: Invalid bean definition with name 'service-ucenter.FeignClientSpecification' defined in null: Cannot register bean definition [Generic bean: class [org.springframework.cloud.openfeign.FeignClientSpecification]; scope=; abstract=false; lazyInit=null; autowireMode=0; dependencyCheck=0; autowireCandidate=true; primary=false; factoryBeanName=null; factoryMethodName=null; initMethodName=null; destroyMethodName=null] for bean 'service-ucenter.FeignClientSpecification': There is already [Generic bean: class [org.springframework.cloud.openfeign.FeignClientSpecification]; scope=; abstract=false; lazyInit=null; autowireMode=0; dependencyCheck=0; autowireCandidate=true; primary=false; factoryBeanName=null; factoryMethodName=null; initMethodName=null; destroyMethodName=null] bound.
2023-02-10 15:10:43.562 [main] WARN 
                com.netflix.config.sources.URLConfigurationSource - No URLs will be polled as dynamic configuration sources.
2023-02-10 15:10:43.566 [main] WARN 
                com.netflix.config.sources.URLConfigurationSource - No URLs will be polled as dynamic configuration sources.
2023-02-10 21:09:18.103 [main] WARN 
                com.netflix.config.sources.URLConfigurationSource - No URLs will be polled as dynamic configuration sources.
2023-02-10 21:09:18.109 [main] WARN 
                com.netflix.config.sources.URLConfigurationSource - No URLs will be polled as dynamic configuration sources.
2023-02-10 21:37:50.721 [main] WARN 
                com.netflix.config.sources.URLConfigurationSource - No URLs will be polled as dynamic configuration sources.
2023-02-10 21:37:50.731 [main] WARN 
                com.netflix.config.sources.URLConfigurationSource - No URLs will be polled as dynamic configuration sources.
2023-02-11 19:06:02.969 [main] WARN 
                com.netflix.config.sources.URLConfigurationSource - No URLs will be polled as dynamic configuration sources.
2023-02-11 19:06:03.046 [main] WARN 
                com.netflix.config.sources.URLConfigurationSource - No URLs will be polled as dynamic configuration sources.
2023-02-12 18:30:38.450 [main] WARN 
                com.netflix.config.sources.URLConfigurationSource - No URLs will be polled as dynamic configuration sources.
2023-02-12 18:30:38.468 [main] WARN 
                com.netflix.config.sources.URLConfigurationSource - No URLs will be polled as dynamic configuration sources.
2023-02-13 18:24:32.768 [main] WARN 
                com.netflix.config.sources.URLConfigurationSource - No URLs will be polled as dynamic configuration sources.
2023-02-13 18:24:32.779 [main] WARN 
                com.netflix.config.sources.URLConfigurationSource - No URLs will be polled as dynamic configuration sources.
